# JRE version: OpenJDK Runtime Environment (8.0_242-b01) (build 1.8.0_242-release-1644-b01)
# Java VM: OpenJDK 64-Bit Server VM (25.242-b01 mixed mode windows-amd64 compressed oops)
Heap:
 PSYoungGen      total 629248K, used 601960K [0x00000000d5580000, 0x00000000ffb80000, 0x0000000100000000)
  eden space 567296K, 100% used [0x00000000d5580000,0x00000000f7f80000,0x00000000f7f80000)
  from space 61952K, 55% used [0x00000000fbf00000,0x00000000fe0da2a8,0x00000000ffb80000)
  to   space 63488K, 99% used [0x00000000f7f80000,0x00000000fbd7fbd8,0x00000000fbd80000)
 ParOldGen       total 269824K, used 198816K [0x0000000080000000, 0x0000000090780000, 0x00000000d5580000)
  object space 269824K, 73% used [0x0000000080000000,0x000000008c228390,0x0000000090780000)
 Metaspace       used 125000K, capacity 132492K, committed 132656K, reserved 1165312K
  class space    used 15536K, capacity 16911K, committed 16944K, reserved 1048576K
GC Heap History (10 events):
Event: 6467.022 GC heap after
Heap after GC invocations=59 (full 7):
 PSYoungGen      total 625152K, used 42655K [0x00000000d5580000, 0x00000000ffe80000, 0x0000000100000000)
  eden space 556032K, 0% used [0x00000000d5580000,0x00000000d5580000,0x00000000f7480000)
  from space 69120K, 61% used [0x00000000fbb00000,0x00000000fe4a7fd8,0x00000000ffe80000)
  to   space 70656K, 0% used [0x00000000f7480000,0x00000000f7480000,0x00000000fb980000)
 ParOldGen       total 269824K, used 164935K [0x0000000080000000, 0x0000000090780000, 0x00000000d5580000)
  object space 269824K, 61% used [0x0000000080000000,0x000000008a111dc0,0x0000000090780000)
 Metaspace       used 124878K, capacity 132242K, committed 132400K, reserved 1165312K
  class space    used 15532K, capacity 16876K, committed 16944K, reserved 1048576K
}
Event: 6468.541 GC heap before
{Heap before GC invocations=60 (full 7):
 PSYoungGen      total 625152K, used 598687K [0x00000000d5580000, 0x00000000ffe80000, 0x0000000100000000)
  eden space 556032K, 100% used [0x00000000d5580000,0x00000000f7480000,0x00000000f7480000)
  from space 69120K, 61% used [0x00000000fbb00000,0x00000000fe4a7fd8,0x00000000ffe80000)
  to   space 70656K, 0% used [0x00000000f7480000,0x00000000f7480000,0x00000000fb980000)
 ParOldGen       total 269824K, used 164935K [0x0000000080000000, 0x0000000090780000, 0x00000000d5580000)
  object space 269824K, 61% used [0x0000000080000000,0x000000008a111dc0,0x0000000090780000)
 Metaspace       used 124901K, capacity 132310K, committed 132400K, reserved 1165312K
  class space    used 15532K, capacity 16876K, committed 16944K, reserved 1048576K
Event: 6468.769 GC heap after
Heap after GC invocations=60 (full 7):
 PSYoungGen      total 626688K, used 23203K [0x00000000d5580000, 0x00000000ffd80000, 0x0000000100000000)
  eden space 556032K, 0% used [0x00000000d5580000,0x00000000d5580000,0x00000000f7480000)
  from space 70656K, 32% used [0x00000000f7480000,0x00000000f8b28f10,0x00000000fb980000)
  to   space 68608K, 0% used [0x00000000fba80000,0x00000000fba80000,0x00000000ffd80000)
 ParOldGen       total 269824K, used 173571K [0x0000000080000000, 0x0000000090780000, 0x00000000d5580000)
  object space 269824K, 64% used [0x0000000080000000,0x000000008a980f30,0x0000000090780000)
 Metaspace       used 124901K, capacity 132310K, committed 132400K, reserved 1165312K
  class space    used 15532K, capacity 16876K, committed 16944K, reserved 1048576K
}
Event: 6470.336 GC heap before
{Heap before GC invocations=61 (full 7):
 PSYoungGen      total 626688K, used 579235K [0x00000000d5580000, 0x00000000ffd80000, 0x0000000100000000)
  eden space 556032K, 100% used [0x00000000d5580000,0x00000000f7480000,0x00000000f7480000)
  from space 70656K, 32% used [0x00000000f7480000,0x00000000f8b28f10,0x00000000fb980000)
  to   space 68608K, 0% used [0x00000000fba80000,0x00000000fba80000,0x00000000ffd80000)
 ParOldGen       total 269824K, used 173571K [0x0000000080000000, 0x0000000090780000, 0x00000000d5580000)
  object space 269824K, 64% used [0x0000000080000000,0x000000008a980f30,0x0000000090780000)
 Metaspace       used 124908K, capacity 132314K, committed 132400K, reserved 1165312K
  class space    used 15532K, capacity 16876K, committed 16944K, reserved 1048576K
Event: 6470.496 GC heap after
Heap after GC invocations=61 (full 7):
 PSYoungGen      total 624640K, used 22856K [0x00000000d5580000, 0x00000000ffa00000, 0x0000000100000000)
  eden space 559616K, 0% used [0x00000000d5580000,0x00000000d5580000,0x00000000f7800000)
  from space 65024K, 35% used [0x00000000fba80000,0x00000000fd0d20a8,0x00000000ffa00000)
  to   space 66560K, 0% used [0x00000000f7800000,0x00000000f7800000,0x00000000fb900000)
 ParOldGen       total 269824K, used 175330K [0x0000000080000000, 0x0000000090780000, 0x00000000d5580000)
  object space 269824K, 64% used [0x0000000080000000,0x000000008ab38b58,0x0000000090780000)
 Metaspace       used 124908K, capacity 132314K, committed 132400K, reserved 1165312K
  class space    used 15532K, capacity 16876K, committed 16944K, reserved 1048576K
}
Event: 6471.998 GC heap before
{Heap before GC invocations=62 (full 7):
 PSYoungGen      total 624640K, used 582472K [0x00000000d5580000, 0x00000000ffa00000, 0x0000000100000000)
  eden space 559616K, 100% used [0x00000000d5580000,0x00000000f7800000,0x00000000f7800000)
  from space 65024K, 35% used [0x00000000fba80000,0x00000000fd0d20a8,0x00000000ffa00000)
  to   space 66560K, 0% used [0x00000000f7800000,0x00000000f7800000,0x00000000fb900000)
 ParOldGen       total 269824K, used 175330K [0x0000000080000000, 0x0000000090780000, 0x00000000d5580000)
  object space 269824K, 64% used [0x0000000080000000,0x000000008ab38b58,0x0000000090780000)
 Metaspace       used 124924K, capacity 132314K, committed 132400K, reserved 1165312K
  class space    used 15532K, capacity 16876K, committed 16944K, reserved 1048576K
Event: 6472.089 GC heap after
Heap after GC invocations=62 (full 7):
 PSYoungGen      total 626176K, used 19822K [0x00000000d5580000, 0x00000000ffe80000, 0x0000000100000000)
  eden space 559616K, 0% used [0x00000000d5580000,0x00000000d5580000,0x00000000f7800000)
  from space 66560K, 29% used [0x00000000f7800000,0x00000000f8b5bbd8,0x00000000fb900000)
  to   space 65024K, 0% used [0x00000000fbf00000,0x00000000fbf00000,0x00000000ffe80000)
 ParOldGen       total 269824K, used 177271K [0x0000000080000000, 0x0000000090780000, 0x00000000d5580000)
  object space 269824K, 65% used [0x0000000080000000,0x000000008ad1dc58,0x0000000090780000)
 Metaspace       used 124924K, capacity 132314K, committed 132400K, reserved 1165312K
  class space    used 15532K, capacity 16876K, committed 16944K, reserved 1048576K
}
Event: 6475.177 GC heap before
{Heap before GC invocations=63 (full 7):
 PSYoungGen      total 626176K, used 579438K [0x00000000d5580000, 0x00000000ffe80000, 0x0000000100000000)
  eden space 559616K, 100% used [0x00000000d5580000,0x00000000f7800000,0x00000000f7800000)
  from space 66560K, 29% used [0x00000000f7800000,0x00000000f8b5bbd8,0x00000000fb900000)
  to   space 65024K, 0% used [0x00000000fbf00000,0x00000000fbf00000,0x00000000ffe80000)
 ParOldGen       total 269824K, used 177271K [0x0000000080000000, 0x0000000090780000, 0x00000000d5580000)
  object space 269824K, 65% used [0x0000000080000000,0x000000008ad1dc58,0x0000000090780000)
 Metaspace       used 124969K, capacity 132332K, committed 132400K, reserved 1165312K
  class space    used 15535K, capacity 16879K, committed 16944K, reserved 1048576K
Event: 6476.156 GC heap after
Heap after GC invocations=63 (full 7):
 PSYoungGen      total 629248K, used 34664K [0x00000000d5580000, 0x00000000ffb80000, 0x0000000100000000)
  eden space 567296K, 0% used [0x00000000d5580000,0x00000000d5580000,0x00000000f7f80000)
  from space 61952K, 55% used [0x00000000fbf00000,0x00000000fe0da2a8,0x00000000ffb80000)
  to   space 63488K, 0% used [0x00000000f7f80000,0x00000000f7f80000,0x00000000fbd80000)
 ParOldGen       total 269824K, used 181045K [0x0000000080000000, 0x0000000090780000, 0x00000000d5580000)
  object space 269824K, 67% used [0x0000000080000000,0x000000008b0cd7b0,0x0000000090780000)
 Metaspace       used 124969K, capacity 132332K, committed 132400K, reserved 1165312K
  class space    used 15535K, capacity 16879K, committed 16944K, reserved 1048576K
}
Event: 6481.327 GC heap before
{Heap before GC invocations=64 (full 7):
 PSYoungGen      total 629248K, used 601960K [0x00000000d5580000, 0x00000000ffb80000, 0x0000000100000000)
  eden space 567296K, 100% used [0x00000000d5580000,0x00000000f7f80000,0x00000000f7f80000)
  from space 61952K, 55% used [0x00000000fbf00000,0x00000000fe0da2a8,0x00000000ffb80000)
  to   space 63488K, 0% used [0x00000000f7f80000,0x00000000f7f80000,0x00000000fbd80000)
 ParOldGen       total 269824K, used 181045K [0x0000000080000000, 0x0000000090780000, 0x00000000d5580000)
  object space 269824K, 67% used [0x0000000080000000,0x000000008b0cd7b0,0x0000000090780000)
 Metaspace       used 125000K, capacity 132492K, committed 132656K, reserved 1165312K
  class space    used 15536K, capacity 16911K, committed 16944K, reserved 1048576K

